# JRE version: OpenJDK Runtime Environment (16.0.2+7) (build 16.0.2+7-67)
# Java VM: OpenJDK 64-Bit Server VM (16.0.2+7-67, mixed mode, tiered, compressed oops, compressed class ptrs, g1 gc, windows-amd64)
GC Precious Log:
 CPUs: 4 total, 4 available
 Memory: 3976M
 Large Page Support: Disabled
 NUMA Support: Disabled
 Compressed Oops: Enabled (32-bit)
 Heap Region Size: 1M
 Heap Min Capacity: 8M
 Heap Initial Capacity: 64M
 Heap Max Capacity: 996M
 Pre-touch: Disabled
 Parallel Workers: 4
 Concurrent Workers: 1
 Concurrent Refinement Workers: 4
 Periodic GC: Disabled
Heap:
 garbage-first heap   total 212992K, used 98789K [0x00000000c1c00000, 0x0000000100000000)
  region size 1024K, 6 young (6144K), 2 survivors (2048K)
 Metaspace       used 90933K, committed 91968K, reserved 1130496K
  class space    used 12180K, committed 12672K, reserved 1048576K
GC Heap History (20 events):
Event: 1914.359 GC heap before
{Heap before GC invocations=77 (full 7):
 garbage-first heap   total 212992K, used 178439K [0x00000000c1c00000, 0x0000000100000000)
  region size 1024K, 102 young (104448K), 0 survivors (0K)
 Metaspace       used 89632K, committed 90560K, reserved 1130496K
  class space    used 12076K, committed 12544K, reserved 1048576K
}
Event: 1914.416 GC heap after
{Heap after GC invocations=78 (full 7):
 garbage-first heap   total 212992K, used 81060K [0x00000000c1c00000, 0x0000000100000000)
  region size 1024K, 6 young (6144K), 6 survivors (6144K)
 Metaspace       used 89632K, committed 90560K, reserved 1130496K
  class space    used 12076K, committed 12544K, reserved 1048576K
}
Event: 1917.091 GC heap before
{Heap before GC invocations=78 (full 7):
 garbage-first heap   total 212992K, used 178340K [0x00000000c1c00000, 0x0000000100000000)
  region size 1024K, 103 young (105472K), 6 survivors (6144K)
 Metaspace       used 89861K, committed 90816K, reserved 1130496K
  class space    used 12095K, committed 12544K, reserved 1048576K
}
Event: 1917.134 GC heap after
{Heap after GC invocations=79 (full 7):
 garbage-first heap   total 212992K, used 83207K [0x00000000c1c00000, 0x0000000100000000)
  region size 1024K, 8 young (8192K), 8 survivors (8192K)
 Metaspace       used 89861K, committed 90816K, reserved 1130496K
  class space    used 12095K, committed 12544K, reserved 1048576K
}
Event: 1918.757 GC heap before
{Heap before GC invocations=79 (full 7):
 garbage-first heap   total 212992K, used 154887K [0x00000000c1c00000, 0x0000000100000000)
  region size 1024K, 79 young (80896K), 8 survivors (8192K)
 Metaspace       used 89868K, committed 90816K, reserved 1130496K
  class space    used 12095K, committed 12544K, reserved 1048576K
}
Event: 1918.823 GC heap after
{Heap after GC invocations=80 (full 7):
 garbage-first heap   total 212992K, used 84630K [0x00000000c1c00000, 0x0000000100000000)
  region size 1024K, 5 young (5120K), 5 survivors (5120K)
 Metaspace       used 89868K, committed 90816K, reserved 1130496K
  class space    used 12095K, committed 12544K, reserved 1048576K
}
Event: 1928.476 GC heap before
{Heap before GC invocations=80 (full 7):
 garbage-first heap   total 212992K, used 179862K [0x00000000c1c00000, 0x0000000100000000)
  region size 1024K, 98 young (100352K), 5 survivors (5120K)
 Metaspace       used 90326K, committed 91200K, reserved 1130496K
  class space    used 12125K, committed 12544K, reserved 1048576K
}
Event: 1928.514 GC heap after
{Heap after GC invocations=81 (full 7):
 garbage-first heap   total 212992K, used 88975K [0x00000000c1c00000, 0x0000000100000000)
  region size 1024K, 9 young (9216K), 9 survivors (9216K)
 Metaspace       used 90326K, committed 91200K, reserved 1130496K
  class space    used 12125K, committed 12544K, reserved 1048576K
}
Event: 1931.028 GC heap before
{Heap before GC invocations=81 (full 7):
 garbage-first heap   total 212992K, used 178063K [0x00000000c1c00000, 0x0000000100000000)
  region size 1024K, 96 young (98304K), 9 survivors (9216K)
 Metaspace       used 90777K, committed 91712K, reserved 1130496K
  class space    used 12155K, committed 12608K, reserved 1048576K
}
Event: 1931.082 GC heap after
{Heap after GC invocations=82 (full 7):
 garbage-first heap   total 212992K, used 92651K [0x00000000c1c00000, 0x0000000100000000)
  region size 1024K, 10 young (10240K), 10 survivors (10240K)
 Metaspace       used 90777K, committed 91712K, reserved 1130496K
  class space    used 12155K, committed 12608K, reserved 1048576K
}
Event: 1964.556 GC heap before
{Heap before GC invocations=82 (full 7):
 garbage-first heap   total 212992K, used 177643K [0x00000000c1c00000, 0x0000000100000000)
  region size 1024K, 93 young (95232K), 10 survivors (10240K)
 Metaspace       used 90836K, committed 91776K, reserved 1130496K
  class space    used 12163K, committed 12608K, reserved 1048576K
}
Event: 1965.389 GC heap after
{Heap after GC invocations=83 (full 7):
 garbage-first heap   total 212992K, used 94680K [0x00000000c1c00000, 0x0000000100000000)
  region size 1024K, 7 young (7168K), 7 survivors (7168K)
 Metaspace       used 90836K, committed 91776K, reserved 1130496K
  class space    used 12163K, committed 12608K, reserved 1048576K
}
Event: 1969.817 GC heap before
{Heap before GC invocations=83 (full 7):
 garbage-first heap   total 212992K, used 97752K [0x00000000c1c00000, 0x0000000100000000)
  region size 1024K, 10 young (10240K), 7 survivors (7168K)
 Metaspace       used 90836K, committed 91776K, reserved 1130496K
  class space    used 12163K, committed 12608K, reserved 1048576K
}
Event: 1969.845 GC heap after
{Heap after GC invocations=84 (full 7):
 garbage-first heap   total 212992K, used 95659K [0x00000000c1c00000, 0x0000000100000000)
  region size 1024K, 2 young (2048K), 2 survivors (2048K)
 Metaspace       used 90836K, committed 91776K, reserved 1130496K
  class space    used 12163K, committed 12608K, reserved 1048576K
}
Event: 2115.700 GC heap before
{Heap before GC invocations=84 (full 7):
 garbage-first heap   total 212992K, used 170411K [0x00000000c1c00000, 0x0000000100000000)
  region size 1024K, 75 young (76800K), 2 survivors (2048K)
 Metaspace       used 90836K, committed 91776K, reserved 1130496K
  class space    used 12163K, committed 12608K, reserved 1048576K
}
Event: 2115.913 GC heap after
{Heap after GC invocations=85 (full 7):
 garbage-first heap   total 212992K, used 94648K [0x00000000c1c00000, 0x0000000100000000)
  region size 1024K, 1 young (1024K), 1 survivors (1024K)
 Metaspace       used 90836K, committed 91776K, reserved 1130496K
  class space    used 12163K, committed 12608K, reserved 1048576K
}
Event: 2212.762 GC heap before
{Heap before GC invocations=86 (full 7):
 garbage-first heap   total 212992K, used 142776K [0x00000000c1c00000, 0x0000000100000000)
  region size 1024K, 48 young (49152K), 1 survivors (1024K)
 Metaspace       used 90804K, committed 91776K, reserved 1130496K
  class space    used 12157K, committed 12608K, reserved 1048576K
}
Event: 2212.895 GC heap after
{Heap after GC invocations=87 (full 7):
 garbage-first heap   total 212992K, used 94379K [0x00000000c1c00000, 0x0000000100000000)
  region size 1024K, 1 young (1024K), 1 survivors (1024K)
 Metaspace       used 90804K, committed 91776K, reserved 1130496K
  class space    used 12157K, committed 12608K, reserved 1048576K
}
Event: 2362.006 GC heap before
{Heap before GC invocations=87 (full 7):
 garbage-first heap   total 212992K, used 182443K [0x00000000c1c00000, 0x0000000100000000)
  region size 1024K, 87 young (89088K), 1 survivors (1024K)
 Metaspace       used 90932K, committed 91904K, reserved 1130496K
  class space    used 12179K, committed 12672K, reserved 1048576K
}
Event: 2362.094 GC heap after
{Heap after GC invocations=88 (full 7):
 garbage-first heap   total 212992K, used 95717K [0x00000000c1c00000, 0x0000000100000000)
  region size 1024K, 2 young (2048K), 2 survivors (2048K)
 Metaspace       used 90932K, committed 91904K, reserved 1130496K
  class space    used 12179K, committed 12672K, reserved 1048576K
}

